# JRE version: Java(TM) SE Runtime Environment 18.9 (11.0.17+10) (build 11.0.17+10-LTS-269)
# Java VM: Java HotSpot(TM) 64-Bit Server VM 18.9 (11.0.17+10-LTS-269, mixed mode, tiered, compressed oops, g1 gc, windows-amd64)
Heap:
 garbage-first heap   total 129024K, used 9136K [0x0000000082600000, 0x0000000100000000)
  region size 1024K, 5 young (5120K), 5 survivors (5120K)
 Metaspace       used 30353K, capacity 30800K, committed 30896K, reserved 1077248K
  class space    used 3685K, capacity 3826K, committed 3840K, reserved 1048576K
GC Heap History (6 events):
Event: 1.155 GC heap before
{Heap before GC invocations=0 (full 0):
 garbage-first heap   total 129024K, used 15360K [0x0000000082600000, 0x0000000100000000)
  region size 1024K, 14 young (14336K), 0 survivors (0K)
 Metaspace       used 11280K, capacity 11487K, committed 11776K, reserved 1060864K
  class space    used 1167K, capacity 1234K, committed 1280K, reserved 1048576K
}
Event: 1.160 GC heap after
{Heap after GC invocations=1 (full 0):
 garbage-first heap   total 129024K, used 4101K [0x0000000082600000, 0x0000000100000000)
  region size 1024K, 2 young (2048K), 2 survivors (2048K)
 Metaspace       used 11280K, capacity 11487K, committed 11776K, reserved 1060864K
  class space    used 1167K, capacity 1234K, committed 1280K, reserved 1048576K
}
Event: 1.477 GC heap before
{Heap before GC invocations=1 (full 0):
 garbage-first heap   total 129024K, used 13317K [0x0000000082600000, 0x0000000100000000)
  region size 1024K, 11 young (11264K), 2 survivors (2048K)
 Metaspace       used 14520K, capacity 14693K, committed 14848K, reserved 1062912K
  class space    used 1602K, capacity 1684K, committed 1792K, reserved 1048576K
}
Event: 1.481 GC heap after
{Heap after GC invocations=2 (full 0):
 garbage-first heap   total 129024K, used 4888K [0x0000000082600000, 0x0000000100000000)
  region size 1024K, 1 young (1024K), 1 survivors (1024K)
 Metaspace       used 14520K, capacity 14693K, committed 14848K, reserved 1062912K
  class space    used 1602K, capacity 1684K, committed 1792K, reserved 1048576K
}
Event: 2.354 GC heap before
{Heap before GC invocations=2 (full 0):
 garbage-first heap   total 129024K, used 18200K [0x0000000082600000, 0x0000000100000000)
  region size 1024K, 15 young (15360K), 1 survivors (1024K)
 Metaspace       used 20910K, capacity 21213K, committed 21296K, reserved 1069056K
  class space    used 2527K, capacity 2663K, committed 2688K, reserved 1048576K
}
Event: 2.358 GC heap after
{Heap after GC invocations=3 (full 0):
 garbage-first heap   total 129024K, used 5711K [0x0000000082600000, 0x0000000100000000)
  region size 1024K, 2 young (2048K), 2 survivors (2048K)
 Metaspace       used 20910K, capacity 21213K, committed 21296K, reserved 1069056K
  class space    used 2527K, capacity 2663K, committed 2688K, reserved 1048576K
}

